Thu, 05 Dec 2013 21:11:42 GMT  ~  info  ~  Logfile created
 ~ unable to open database file (code: 14, sql state: , query: , uri: )
 ~ unable to open database file (code: 14, sql state: , query: , uri: )
 ~ unable to open database file (code: 14, sql state: , query: , uri: )
 ~ (0.000108) SELECT "id", "day", "cycle", "title" FROM "schedules" ORDER BY "id"
 ~ no such table: schedules (code: 1, sql state: , query: SELECT "id", "day", "cycle", "title" FROM "schedules" ORDER BY "id", uri: sqlite3:/Users/koba/work/IOLANI/ScheduleData/MAPPER/db/hacked_schedule.sqlite?scheme=sqlite&user=&password=&host=&port=&query=&fragment=&adapter=sqlite3&path=/Users/koba/work/IOLANI/ScheduleData/MAPPER/db/hacked_schedule.sqlite)
 ~ (0.000018) PRAGMA table_info("schedules")
 ~ (0.000023) SELECT sqlite_version(*)
 ~ (0.000074) DROP TABLE IF EXISTS "schedules"
 ~ (0.000009) PRAGMA table_info("schedules")
 ~ (0.001745) CREATE TABLE "schedules" ("id" INTEGER NOT NULL PRIMARY KEY AUTOINCREMENT, "day" DATE, "cycle" INTEGER, "title" VARCHAR(50))
 ~ (0.000035) SELECT "id", "day", "cycle", "title" FROM "schedules" ORDER BY "id"
 ~ (0.000127) PRAGMA table_info("schedules")
 ~ (0.000086) PRAGMA table_info("schedules")
 ~ (0.000009) PRAGMA table_info("schedules")
 ~ (0.000007) PRAGMA table_info("schedules")
 ~ (0.000006) PRAGMA table_info("schedules")
 ~ (0.000019) PRAGMA table_info("schedules")
 ~ (0.000012) PRAGMA table_info("schedules")
 ~ (0.000010) PRAGMA table_info("schedules")
 ~ (0.000010) PRAGMA table_info("schedules")
 ~ (0.000010) PRAGMA table_info("schedules")
 ~ (0.000019) PRAGMA table_info("schedules")
 ~ (0.000010) PRAGMA table_info("schedules")
 ~ (0.000007) PRAGMA table_info("schedules")
 ~ (0.000007) PRAGMA table_info("schedules")
 ~ (0.000007) PRAGMA table_info("schedules")
 ~ (0.000118) PRAGMA table_info("schedules")
 ~ (0.000088) PRAGMA table_info("schedules")
 ~ (0.000007) PRAGMA table_info("schedules")
 ~ (0.000007) PRAGMA table_info("schedules")
 ~ (0.000006) PRAGMA table_info("schedules")
 ~ (0.000018) PRAGMA table_info("schedules")
 ~ (0.000010) PRAGMA table_info("schedules")
 ~ (0.000007) PRAGMA table_info("schedules")
 ~ (0.000008) PRAGMA table_info("schedules")
 ~ (0.000007) PRAGMA table_info("schedules")
 ~ (0.000017) PRAGMA table_info("schedules")
 ~ (0.000009) PRAGMA table_info("schedules")
 ~ (0.000006) PRAGMA table_info("schedules")
 ~ (0.000006) PRAGMA table_info("schedules")
 ~ (0.000007) PRAGMA table_info("schedules")
 ~ (0.000016) PRAGMA table_info("schedules")
 ~ (0.000008) PRAGMA table_info("schedules")
 ~ (0.000006) PRAGMA table_info("schedules")
 ~ (0.000006) PRAGMA table_info("schedules")
 ~ (0.000006) PRAGMA table_info("schedules")
 ~ (0.000017) PRAGMA table_info("schedules")
 ~ (0.000009) PRAGMA table_info("schedules")
 ~ (0.000006) PRAGMA table_info("schedules")
 ~ (0.000006) PRAGMA table_info("schedules")
 ~ (0.000006) PRAGMA table_info("schedules")
 ~ (0.000018) PRAGMA table_info("schedules")
 ~ (0.000009) PRAGMA table_info("schedules")
 ~ (0.000007) PRAGMA table_info("schedules")
 ~ (0.000006) PRAGMA table_info("schedules")
 ~ (0.000007) PRAGMA table_info("schedules")
 ~ (0.000017) PRAGMA table_info("schedules")
 ~ (0.000009) PRAGMA table_info("schedules")
 ~ (0.000006) PRAGMA table_info("schedules")
 ~ (0.000007) PRAGMA table_info("schedules")
 ~ (0.000006) PRAGMA table_info("schedules")
 ~ (0.000118) PRAGMA table_info("schedules")
 ~ (0.000078) PRAGMA table_info("schedules")
 ~ (0.000007) PRAGMA table_info("schedules")
 ~ (0.000006) PRAGMA table_info("schedules")
 ~ (0.000007) PRAGMA table_info("schedules")
 ~ (0.000093) PRAGMA table_info("schedules")
 ~ (0.000064) PRAGMA table_info("schedules")
 ~ (0.000005) PRAGMA table_info("schedules")
 ~ (0.000005) PRAGMA table_info("schedules")
 ~ (0.000005) PRAGMA table_info("schedules")
 ~ (0.000017) PRAGMA table_info("schedules")
 ~ (0.000008) PRAGMA table_info("schedules")
 ~ (0.000007) PRAGMA table_info("schedules")
 ~ (0.000006) PRAGMA table_info("schedules")
 ~ (0.000007) PRAGMA table_info("schedules")
 ~ (0.000020) PRAGMA table_info("schedules")
 ~ (0.000117) PRAGMA table_info("schedules")
 ~ (0.000007) PRAGMA table_info("schedules")
 ~ (0.000006) PRAGMA table_info("schedules")
 ~ (0.000007) PRAGMA table_info("schedules")
 ~ (0.000021) PRAGMA table_info("schedules")
 ~ (0.000012) PRAGMA table_info("schedules")
 ~ (0.000010) PRAGMA table_info("schedules")
 ~ (0.000009) PRAGMA table_info("schedules")
 ~ (0.000009) PRAGMA table_info("schedules")
 ~ (0.000018) PRAGMA table_info("schedules")
 ~ (0.000009) PRAGMA table_info("schedules")
 ~ (0.000007) PRAGMA table_info("schedules")
 ~ (0.000007) PRAGMA table_info("schedules")
 ~ (0.000006) PRAGMA table_info("schedules")
 ~ (0.000019) PRAGMA table_info("schedules")
 ~ (0.000116) PRAGMA table_info("schedules")
 ~ (0.000008) PRAGMA table_info("schedules")
 ~ (0.000007) PRAGMA table_info("schedules")
 ~ (0.000007) PRAGMA table_info("schedules")
 ~ (0.004495) INSERT INTO "schedules" ("day", "cycle", "title") VALUES ('2013-08-26', 1, 'Special Convocation Schedule')
 ~ (0.000798) INSERT INTO "schedules" ("day", "cycle", "title") VALUES ('2013-08-27', 1, 'Extended 1 Schedule 1357')
 ~ (0.000704) INSERT INTO "schedules" ("day", "cycle", "title") VALUES ('2013-08-28', 1, 'Extended 1 Schedule 2468')
 ~ (0.000622) INSERT INTO "schedules" ("day", "cycle", "title") VALUES ('2013-08-29', 1, 'Basic Schedule')
 ~ (0.000736) INSERT INTO "schedules" ("day", "cycle", "title") VALUES ('2013-08-30', 1, 'Basic Schedule')
 ~ (0.000753) INSERT INTO "schedules" ("day", "cycle", "title") VALUES ('2013-09-03', 7, 'Basic Schedule')
 ~ (0.000833) INSERT INTO "schedules" ("day", "cycle", "title") VALUES ('2013-09-04', 7, 'Basic Schedule')
 ~ (0.000607) INSERT INTO "schedules" ("day", "cycle", "title") VALUES ('2013-09-05', 7, 'Basic Schedule')
 ~ (0.000698) INSERT INTO "schedules" ("day", "cycle", "title") VALUES ('2013-09-06', 7, 'Assembly 1 Schedule')
 ~ (0.000615) INSERT INTO "schedules" ("day", "cycle", "title") VALUES ('2013-09-09', 3, 'Chapel Schedule')
 ~ (0.000597) INSERT INTO "schedules" ("day", "cycle", "title") VALUES ('2013-09-10', 3, 'Assembly 1 Schedule')
 ~ (0.000612) INSERT INTO "schedules" ("day", "cycle", "title") VALUES ('2013-09-11', 3, 'Basic Schedule')
 ~ (0.000609) INSERT INTO "schedules" ("day", "cycle", "title") VALUES ('2013-09-12', 3, 'Assembly 1 Schedule')
 ~ (0.000529) INSERT INTO "schedules" ("day", "cycle", "title") VALUES ('2013-09-13', 3, 'Basic Schedule')
 ~ (0.000511) INSERT INTO "schedules" ("day", "cycle", "title") VALUES ('2013-09-16', 1, 'Chapel Schedule')
 ~ (0.000612) INSERT INTO "schedules" ("day", "cycle", "title") VALUES ('2013-09-17', 1, 'Extended 1 Schedule 2468')
 ~ (0.000611) INSERT INTO "schedules" ("day", "cycle", "title") VALUES ('2013-09-18', 1, 'Extended 1 Schedule 1357')
 ~ (0.000618) INSERT INTO "schedules" ("day", "cycle", "title") VALUES ('2013-09-19', 1, 'Assembly 1 Schedule')
 ~ (0.000636) INSERT INTO "schedules" ("day", "cycle", "title") VALUES ('2013-09-20', 1, 'Basic Schedule')
 ~ (0.000625) INSERT INTO "schedules" ("day", "cycle", "title") VALUES ('2013-09-23', 7, 'Assembly  1 Schedule')
 ~ (0.000729) INSERT INTO "schedules" ("day", "cycle", "title") VALUES ('2013-09-23', 7, 'Chapel  Schedule')
 ~ (0.000631) INSERT INTO "schedules" ("day", "cycle", "title") VALUES ('2013-09-24', 7, 'Chapel Schedule')
 ~ (0.000433) INSERT INTO "schedules" ("day", "cycle", "title") VALUES ('2013-09-25', 7, 'Basic Schedule')
 ~ (0.000663) INSERT INTO "schedules" ("day", "cycle", "title") VALUES ('2013-09-26', 7, 'Assembly 3 Schedule No Chapel')
 ~ (0.000670) INSERT INTO "schedules" ("day", "cycle", "title") VALUES ('2013-09-27', 7, 'Assembly 3 Schedule')
 ~ (0.000617) INSERT INTO "schedules" ("day", "cycle", "title") VALUES ('2013-09-30', 3, 'Chapel Schedule')
 ~ (0.000688) INSERT INTO "schedules" ("day", "cycle", "title") VALUES ('2013-10-01', 3, 'Assembly 1 Schedule Gr  10 Chapel')
 ~ (0.000678) INSERT INTO "schedules" ("day", "cycle", "title") VALUES ('2013-10-02', 3, 'Basic Schedule')
 ~ (0.000711) INSERT INTO "schedules" ("day", "cycle", "title") VALUES ('2013-10-03', 3, 'Assembly 1 Schedule Gr  12 Chapel')
 ~ (0.000639) INSERT INTO "schedules" ("day", "cycle", "title") VALUES ('2013-10-04', 3, 'Basic Schedule')
 ~ (0.000633) INSERT INTO "schedules" ("day", "cycle", "title") VALUES ('2013-10-07', 1, 'Chapel Schedule')
 ~ (0.000570) INSERT INTO "schedules" ("day", "cycle", "title") VALUES ('2013-10-08', 1, 'Chapel Schedule')
 ~ (0.000608) INSERT INTO "schedules" ("day", "cycle", "title") VALUES ('2013-10-09', 1, 'Extended 1 Schedule 1357')
 ~ (0.000572) INSERT INTO "schedules" ("day", "cycle", "title") VALUES ('2013-10-10', 1, 'Extended 1 Schedule 2468')
 ~ (0.000566) INSERT INTO "schedules" ("day", "cycle", "title") VALUES ('2013-10-11', 1, 'Basic Schedule')
 ~ (0.000366) INSERT INTO "schedules" ("day", "cycle", "title") VALUES ('2013-10-15', 7, 'Chapel Schedule')
 ~ (0.000381) INSERT INTO "schedules" ("day", "cycle", "title") VALUES ('2013-10-16', 7, 'Basic Schedule')
 ~ (0.000414) INSERT INTO "schedules" ("day", "cycle", "title") VALUES ('2013-10-17', 7, 'Chapel Schedule')
 ~ (0.000513) INSERT INTO "schedules" ("day", "cycle", "title") VALUES ('2013-10-18', 7, 'Basic Schedule')
 ~ (0.000536) INSERT INTO "schedules" ("day", "cycle", "title") VALUES ('2013-10-21', 3, 'Chapel Schedule Grs 11   12 Chapel')
 ~ (0.000515) INSERT INTO "schedules" ("day", "cycle", "title") VALUES ('2013-10-22', 3, 'Chapel Schedule Grs 9   10 Chapel')
 ~ (0.000526) INSERT INTO "schedules" ("day", "cycle", "title") VALUES ('2013-10-23', 3, 'Basic Schedule')
 ~ (0.000520) INSERT INTO "schedules" ("day", "cycle", "title") VALUES ('2013-10-24', 3, 'Chapel Schedule Grs 7   8 Chapel')
 ~ (0.000578) INSERT INTO "schedules" ("day", "cycle", "title") VALUES ('2013-10-28', 1, 'Chapel Schedule')
 ~ (0.002021) INSERT INTO "schedules" ("day", "cycle", "title") VALUES ('2013-10-29', 1, 'Chapel Schedule')
 ~ (0.000600) INSERT INTO "schedules" ("day", "cycle", "title") VALUES ('2013-10-30', 1, 'Basic Schedule')
 ~ (0.000555) INSERT INTO "schedules" ("day", "cycle", "title") VALUES ('2013-10-31', 1, 'Chapel Schedule')
 ~ (0.000594) INSERT INTO "schedules" ("day", "cycle", "title") VALUES ('2013-11-01', 1, 'Basic Schedule')
 ~ (0.000622) INSERT INTO "schedules" ("day", "cycle", "title") VALUES ('2013-11-04', 7, 'Chapel Schedule')
 ~ (0.000577) INSERT INTO "schedules" ("day", "cycle", "title") VALUES ('2013-11-05', 7, 'Chapel Schedule')
 ~ (0.000603) INSERT INTO "schedules" ("day", "cycle", "title") VALUES ('2013-11-06', 7, 'Extended 2 Schedule 8264')
 ~ (0.000612) INSERT INTO "schedules" ("day", "cycle", "title") VALUES ('2013-11-07', 7, 'Extended 2 Schedule 7153')
 ~ (0.000637) INSERT INTO "schedules" ("day", "cycle", "title") VALUES ('2013-11-08', 7, 'Basic Schedule')
 ~ (0.000668) INSERT INTO "schedules" ("day", "cycle", "title") VALUES ('2013-11-12', 3, 'Chapel Schedule')
 ~ (0.000703) INSERT INTO "schedules" ("day", "cycle", "title") VALUES ('2013-11-13', 3, 'Basic Schedule')
 ~ (0.000631) INSERT INTO "schedules" ("day", "cycle", "title") VALUES ('2013-11-14', 3, 'Chapel Schedule')
 ~ (0.000626) INSERT INTO "schedules" ("day", "cycle", "title") VALUES ('2013-11-15', 3, 'Basic Schedule')
 ~ (0.000684) INSERT INTO "schedules" ("day", "cycle", "title") VALUES ('2013-11-18', 1, 'Chapel Schedule')
 ~ (0.000616) INSERT INTO "schedules" ("day", "cycle", "title") VALUES ('2013-11-19', 1, 'Chapel Schedule')
 ~ (0.000637) INSERT INTO "schedules" ("day", "cycle", "title") VALUES ('2013-11-20', 1, 'Basic Schedule')
 ~ (0.000799) INSERT INTO "schedules" ("day", "cycle", "title") VALUES ('2013-11-21', 1, 'Chapel Schedule')
 ~ (0.000750) INSERT INTO "schedules" ("day", "cycle", "title") VALUES ('2013-11-22', 1, 'Basic Schedule')
 ~ (0.000728) INSERT INTO "schedules" ("day", "cycle", "title") VALUES ('2013-11-25', 7, 'Basic Schedule')
 ~ (0.000697) INSERT INTO "schedules" ("day", "cycle", "title") VALUES ('2013-11-26', 7, 'Basic Schedule')
 ~ (0.000654) INSERT INTO "schedules" ("day", "cycle", "title") VALUES ('2013-11-27', 7, 'Assembly 1 Schedule')
 ~ (0.000594) INSERT INTO "schedules" ("day", "cycle", "title") VALUES ('2013-12-02', 3, 'Chapel Schedule')
 ~ (0.000632) INSERT INTO "schedules" ("day", "cycle", "title") VALUES ('2013-12-03', 3, 'Chapel Schedule')
 ~ (0.000702) INSERT INTO "schedules" ("day", "cycle", "title") VALUES ('2013-12-04', 3, 'Basic Schedule')
 ~ (0.000648) INSERT INTO "schedules" ("day", "cycle", "title") VALUES ('2013-12-05', 3, 'Chapel Schedule')
 ~ (0.000686) INSERT INTO "schedules" ("day", "cycle", "title") VALUES ('2013-12-06', 3, 'Basic Schedule')
 ~ (0.000691) INSERT INTO "schedules" ("day", "cycle", "title") VALUES ('2013-12-09', 1, 'Chapel Schedule')
 ~ (0.000695) INSERT INTO "schedules" ("day", "cycle", "title") VALUES ('2013-12-10', 1, 'Chapel Schedule')
 ~ (0.000740) INSERT INTO "schedules" ("day", "cycle", "title") VALUES ('2013-12-11', 1, 'Basic Schedule')
 ~ (0.000709) INSERT INTO "schedules" ("day", "cycle", "title") VALUES ('2013-12-12', 1, 'Chapel Schedule')
 ~ (0.000646) INSERT INTO "schedules" ("day", "cycle", "title") VALUES ('2013-12-13', 1, 'Basic Schedule')
 ~ (0.000685) INSERT INTO "schedules" ("day", "cycle", "title") VALUES ('2013-12-16', 7, 'Basic Schedule')
 ~ (0.000685) INSERT INTO "schedules" ("day", "cycle", "title") VALUES ('2013-12-17', 7, 'Basic Schedule')
 ~ (0.000657) INSERT INTO "schedules" ("day", "cycle", "title") VALUES ('2013-12-18', 7, 'Assembly 2 Schedule')
 ~ (0.000687) INSERT INTO "schedules" ("day", "cycle", "title") VALUES ('2013-12-19', 7, 'Assembly 1 Schedule')
 ~ (0.000704) INSERT INTO "schedules" ("day", "cycle", "title") VALUES ('2014-01-06', 3, 'Chapel Schedule')
 ~ (0.000747) INSERT INTO "schedules" ("day", "cycle", "title") VALUES ('2014-01-07', 3, 'Chapel Schedule')
 ~ (0.000710) INSERT INTO "schedules" ("day", "cycle", "title") VALUES ('2014-01-08', 3, 'Basic Schedule')
 ~ (0.000708) INSERT INTO "schedules" ("day", "cycle", "title") VALUES ('2014-01-09', 3, 'Chapel Schedule')
 ~ (0.000694) INSERT INTO "schedules" ("day", "cycle", "title") VALUES ('2014-01-10', 3, 'Basic Schedule')
 ~ (0.000569) INSERT INTO "schedules" ("day", "cycle", "title") VALUES ('2014-01-13', 1, 'Basic Schedule')
 ~ (0.000703) INSERT INTO "schedules" ("day", "cycle", "title") VALUES ('2014-01-14', 1, 'Basic Schedule')
 ~ (0.000944) INSERT INTO "schedules" ("day", "cycle", "title") VALUES ('2014-01-15', 1, 'Basic Schedule')
 ~ (0.000649) INSERT INTO "schedules" ("day", "cycle", "title") VALUES ('2014-01-21', 1, 'Chapel Schedule')
 ~ (0.000686) INSERT INTO "schedules" ("day", "cycle", "title") VALUES ('2014-01-22', 1, 'Basic Schedule')
 ~ (0.000682) INSERT INTO "schedules" ("day", "cycle", "title") VALUES ('2014-01-23', 1, 'Chapel Schedule')
 ~ (0.000730) INSERT INTO "schedules" ("day", "cycle", "title") VALUES ('2014-01-24', 1, 'Basic Schedule')
 ~ (0.000550) INSERT INTO "schedules" ("day", "cycle", "title") VALUES ('2014-01-27', 7, 'Chapel Schedule')
 ~ (0.000725) INSERT INTO "schedules" ("day", "cycle", "title") VALUES ('2014-01-28', 7, 'Chapel Schedule')
 ~ (0.000600) INSERT INTO "schedules" ("day", "cycle", "title") VALUES ('2014-01-29', 7, 'Basic Schedule')
 ~ (0.000666) INSERT INTO "schedules" ("day", "cycle", "title") VALUES ('2014-01-30', 7, 'Chapel Schedule')
 ~ (0.000717) INSERT INTO "schedules" ("day", "cycle", "title") VALUES ('2014-01-31', 7, 'Basic Schedule')
 ~ (0.000696) INSERT INTO "schedules" ("day", "cycle", "title") VALUES ('2014-02-03', 3, 'Chapel Schedule')
 ~ (0.000586) INSERT INTO "schedules" ("day", "cycle", "title") VALUES ('2014-02-04', 3, 'Chapel Schedule')
 ~ (0.000682) INSERT INTO "schedules" ("day", "cycle", "title") VALUES ('2014-02-05', 3, 'Extended 3 Schedule 3751')
 ~ (0.000936) INSERT INTO "schedules" ("day", "cycle", "title") VALUES ('2014-02-06', 3, 'Extended 3 Schedule 4862')
 ~ (0.000836) INSERT INTO "schedules" ("day", "cycle", "title") VALUES ('2014-02-07', 3, 'Basic Schedule')
 ~ (0.000856) INSERT INTO "schedules" ("day", "cycle", "title") VALUES ('2014-02-10', 1, 'Chapel Schedule')
 ~ (0.000890) INSERT INTO "schedules" ("day", "cycle", "title") VALUES ('2014-02-11', 1, 'Chapel Schedule')
 ~ (0.000710) INSERT INTO "schedules" ("day", "cycle", "title") VALUES ('2014-02-12', 1, 'Basic Schedule')
 ~ (0.000728) INSERT INTO "schedules" ("day", "cycle", "title") VALUES ('2014-02-13', 1, 'Chapel Schedule')
 ~ (0.000667) INSERT INTO "schedules" ("day", "cycle", "title") VALUES ('2014-02-14', 1, 'Basic Schedule')
 ~ (0.000645) INSERT INTO "schedules" ("day", "cycle", "title") VALUES ('2014-02-18', 7, 'Chapel Schedule')
 ~ (0.000610) INSERT INTO "schedules" ("day", "cycle", "title") VALUES ('2014-02-19', 7, 'Basic Schedule')
 ~ (0.000660) INSERT INTO "schedules" ("day", "cycle", "title") VALUES ('2014-02-20', 7, 'Chapel Schedule')
 ~ (0.000686) INSERT INTO "schedules" ("day", "cycle", "title") VALUES ('2014-02-21', 7, 'Basic Schedule')
 ~ (0.000699) INSERT INTO "schedules" ("day", "cycle", "title") VALUES ('2014-02-24', 3, 'Chapel Schedule')
 ~ (0.000636) INSERT INTO "schedules" ("day", "cycle", "title") VALUES ('2014-02-25', 3, 'Assembly 1 Schedule')
 ~ (0.000822) INSERT INTO "schedules" ("day", "cycle", "title") VALUES ('2014-02-26', 3, 'Basic Schedule')
 ~ (0.000698) INSERT INTO "schedules" ("day", "cycle", "title") VALUES ('2014-02-27', 3, 'Assembly 1 Schedule')
 ~ (0.000721) INSERT INTO "schedules" ("day", "cycle", "title") VALUES ('2014-02-28', 3, 'Basic Schedule')
 ~ (0.000688) INSERT INTO "schedules" ("day", "cycle", "title") VALUES ('2014-03-03', 1, 'Chapel Schedule')
 ~ (0.000609) INSERT INTO "schedules" ("day", "cycle", "title") VALUES ('2014-03-04', 1, 'Chapel Schedule')
 ~ (0.000653) INSERT INTO "schedules" ("day", "cycle", "title") VALUES ('2014-03-05', 1, 'Extended 1 Schedule 2468')
 ~ (0.000693) INSERT INTO "schedules" ("day", "cycle", "title") VALUES ('2014-03-06', 1, 'Extended 1 Schedule 1357')
 ~ (0.000699) INSERT INTO "schedules" ("day", "cycle", "title") VALUES ('2014-03-07', 1, 'Basic Schedule')
 ~ (0.000703) INSERT INTO "schedules" ("day", "cycle", "title") VALUES ('2014-03-10', 7, 'Chapel Schedule')
 ~ (0.000597) INSERT INTO "schedules" ("day", "cycle", "title") VALUES ('2014-03-11', 7, 'Chapel Schedule')
 ~ (0.000746) INSERT INTO "schedules" ("day", "cycle", "title") VALUES ('2014-03-12', 7, 'Basic Schedule')
 ~ (0.000700) INSERT INTO "schedules" ("day", "cycle", "title") VALUES ('2014-03-13', 7, 'Chapel Schedule')
 ~ (0.000696) INSERT INTO "schedules" ("day", "cycle", "title") VALUES ('2014-03-14', 7, 'Assembly 3 Schedule')
 ~ (0.000844) INSERT INTO "schedules" ("day", "cycle", "title") VALUES ('2014-03-17', 3, 'Chapel Schedule Grs  11 12 Chapel')
 ~ (0.000707) INSERT INTO "schedules" ("day", "cycle", "title") VALUES ('2014-03-18', 3, 'Chapel Schedule Grs 9   10 Chapel')
 ~ (0.000725) INSERT INTO "schedules" ("day", "cycle", "title") VALUES ('2014-03-19', 3, 'Basic Schedule')
 ~ (0.000709) INSERT INTO "schedules" ("day", "cycle", "title") VALUES ('2014-03-20', 3, 'Chapel Schedule Grs 7   8 Chapel')
 ~ (0.000714) INSERT INTO "schedules" ("day", "cycle", "title") VALUES ('2014-03-31', 1, 'Chapel Schedule')
 ~ (0.000539) INSERT INTO "schedules" ("day", "cycle", "title") VALUES ('2014-04-01', 1, 'Chapel Schedule')
 ~ (0.000695) INSERT INTO "schedules" ("day", "cycle", "title") VALUES ('2014-04-02', 1, 'Assembly 1 Schedule')
 ~ (0.000724) INSERT INTO "schedules" ("day", "cycle", "title") VALUES ('2014-04-03', 1, 'Chapel Schedule')
 ~ (0.000713) INSERT INTO "schedules" ("day", "cycle", "title") VALUES ('2014-04-04', 1, 'Basic Schedule')
 ~ (0.000717) INSERT INTO "schedules" ("day", "cycle", "title") VALUES ('2014-04-07', 7, 'Chapel Schedule')
 ~ (0.000699) INSERT INTO "schedules" ("day", "cycle", "title") VALUES ('2014-04-08', 7, 'Chapel Schedule')
 ~ (0.000722) INSERT INTO "schedules" ("day", "cycle", "title") VALUES ('2014-04-09', 7, 'Basic Schedule')
 ~ (0.000685) INSERT INTO "schedules" ("day", "cycle", "title") VALUES ('2014-04-10', 7, 'Chapel Schedule')
 ~ (0.000830) INSERT INTO "schedules" ("day", "cycle", "title") VALUES ('2014-04-11', 7, 'Basic Schedule')
 ~ (0.000756) INSERT INTO "schedules" ("day", "cycle", "title") VALUES ('2014-04-14', 3, 'Chapel Schedule')
 ~ (0.000745) INSERT INTO "schedules" ("day", "cycle", "title") VALUES ('2014-04-15', 3, 'Chapel Schedule')
 ~ (0.000739) INSERT INTO "schedules" ("day", "cycle", "title") VALUES ('2014-04-16', 3, 'Extended 3 Schedule 3751')
 ~ (0.000707) INSERT INTO "schedules" ("day", "cycle", "title") VALUES ('2014-04-17', 3, 'Extended 3 Schedule 4862')
 ~ (0.000512) INSERT INTO "schedules" ("day", "cycle", "title") VALUES ('2014-04-21', 1, 'Assembly 1 Schedule')
 ~ (0.000719) INSERT INTO "schedules" ("day", "cycle", "title") VALUES ('2014-04-22', 1, 'Basic Schedule')
 ~ (0.000722) INSERT INTO "schedules" ("day", "cycle", "title") VALUES ('2014-04-23', 1, 'VarietyAthletic Assembly Schedule')
 ~ (0.000730) INSERT INTO "schedules" ("day", "cycle", "title") VALUES ('2014-04-24', 1, 'Basic Schedule')
 ~ (0.000675) INSERT INTO "schedules" ("day", "cycle", "title") VALUES ('2014-04-25', 1, 'Special Fair Day  Schedule Pds 18')
 ~ (0.000722) INSERT INTO "schedules" ("day", "cycle", "title") VALUES ('2014-04-29', 7, 'Chapel Schedule')
 ~ (0.000706) INSERT INTO "schedules" ("day", "cycle", "title") VALUES ('2014-04-30', 7, 'Special May Day Schedule')
 ~ (0.000575) INSERT INTO "schedules" ("day", "cycle", "title") VALUES ('2014-05-01', 7, 'Chapel Schedule')
 ~ (0.000685) INSERT INTO "schedules" ("day", "cycle", "title") VALUES ('2014-05-02', 7, 'Basic Schedule')
 ~ (0.000625) INSERT INTO "schedules" ("day", "cycle", "title") VALUES ('2014-05-05', 3, 'Chapel Schedule')
 ~ (0.000720) INSERT INTO "schedules" ("day", "cycle", "title") VALUES ('2014-05-06', 3, 'Chapel Schedule')
 ~ (0.000696) INSERT INTO "schedules" ("day", "cycle", "title") VALUES ('2014-05-07', 3, 'Basic Schedule')
 ~ (0.000698) INSERT INTO "schedules" ("day", "cycle", "title") VALUES ('2014-05-08', 3, 'Chapel Schedule')
 ~ (0.000577) INSERT INTO "schedules" ("day", "cycle", "title") VALUES ('2014-05-09', 3, 'Basic Schedule')
 ~ (0.000636) INSERT INTO "schedules" ("day", "cycle", "title") VALUES ('2014-05-12', 1, 'Chapel Schedule')
 ~ (0.000696) INSERT INTO "schedules" ("day", "cycle", "title") VALUES ('2014-05-13', 1, 'Chapel Schedule')
 ~ (0.000683) INSERT INTO "schedules" ("day", "cycle", "title") VALUES ('2014-05-14', 1, 'Basic Schedule')
 ~ (0.000548) INSERT INTO "schedules" ("day", "cycle", "title") VALUES ('2014-05-15', 1, 'Chapel Schedule')
 ~ (0.000617) INSERT INTO "schedules" ("day", "cycle", "title") VALUES ('2014-05-16', 1, 'Basic Schedule')
 ~ (0.000655) INSERT INTO "schedules" ("day", "cycle", "title") VALUES ('2014-05-19', 7, 'Chapel Schedule')
 ~ (0.000620) INSERT INTO "schedules" ("day", "cycle", "title") VALUES ('2014-05-20', 7, 'Chapel Schedule')
 ~ (0.000865) INSERT INTO "schedules" ("day", "cycle", "title") VALUES ('2014-05-21', 7, 'Basic Schedule')
 ~ (0.000667) INSERT INTO "schedules" ("day", "cycle", "title") VALUES ('2014-05-22', 7, 'Moving Up Chapel Schedule')
 ~ (0.000728) INSERT INTO "schedules" ("day", "cycle", "title") VALUES ('2014-05-23', 7, 'Basic Schedule')
 ~ (0.000715) INSERT INTO "schedules" ("day", "cycle", "title") VALUES ('2014-05-27', 3, 'Assembly 1 Schedule')
 ~ (0.000588) INSERT INTO "schedules" ("day", "cycle", "title") VALUES ('2014-05-28', 3, 'VarietyAthletic Assembly Schedule')
 ~ (0.000494) INSERT INTO "schedules" ("day", "cycle", "title") VALUES ('2014-05-29', 3, 'Assembly 1 Schedule')
 ~ (0.000660) INSERT INTO "schedules" ("day", "cycle", "title") VALUES ('2014-05-30', 3, 'Basic Schedule')
